<?xml version="1.0" encoding="UTF-8"?>
<testng-results ignored="0" total="3" passed="3" failed="0" skipped="0">
  <reporter-output>
  </reporter-output>
  <suite started-at="2022-07-20T15:49:20 IST" name="Suite" finished-at="2022-07-20T15:49:20 IST" duration-ms="40">
    <groups>
    </groups>
    <test started-at="2022-07-20T15:49:20 IST" name="Test" finished-at="2022-07-20T15:49:20 IST" duration-ms="40">
      <class name="Pacakge1.Test1">
        <test-method signature="f()[pri:0, instance:Pacakge1.Test1@524d6d96]" started-at="2022-07-20T15:49:20 IST" name="f" finished-at="2022-07-20T15:49:20 IST" duration-ms="7" status="PASS">
          <reporter-output>
          </reporter-output>
        </test-method> <!-- f -->
      </class> <!-- Pacakge1.Test1 -->
      <class name="Pacakge1.Test2">
        <test-method signature="test2()[pri:0, instance:Pacakge1.Test2@770d3326]" started-at="2022-07-20T15:49:20 IST" name="test2" finished-at="2022-07-20T15:49:20 IST" duration-ms="0" status="PASS">
          <reporter-output>
          </reporter-output>
        </test-method> <!-- test2 -->
      </class> <!-- Pacakge1.Test2 -->
      <class name="Pacakge1.Test3">
        <test-method signature="test3()[pri:0, instance:Pacakge1.Test3@4cc8eb05]" started-at="2022-07-20T15:49:20 IST" name="test3" finished-at="2022-07-20T15:49:20 IST" duration-ms="0" status="PASS">
          <reporter-output>
          </reporter-output>
        </test-method> <!-- test3 -->
      </class> <!-- Pacakge1.Test3 -->
    </test> <!-- Test -->
  </suite> <!-- Suite -->
</testng-results>
